<?xml version="1.0" encoding="utf-8"?>
<TestRun id="f42fe28d-e8e2-40a6-9d47-1382109431df" name="saiffham@CRKRL-SAIFFHAM1 2022-02-02 18:24:33" runUser="TL\saiffham" xmlns="http://microsoft.com/schemas/VisualStudio/TeamTest/2010">
  <Times creation="2022-02-02T18:24:33.1350689+05:00" queuing="2022-02-02T18:24:33.1350689+05:00" start="2022-02-02T18:24:29.1592281+05:00" finish="2022-02-02T18:24:33.1410673+05:00" />
  <TestSettings name="default" id="b7022d61-3b39-4ce6-b01b-0d95236cf51d">
    <Deployment runDeploymentRoot="saiffham_CRKRL-SAIFFHAM1_2022-02-02_18_24_33" />
  </TestSettings>
  <TestLists>
    <TestList name="Results Not in a List" id="8c84fa94-04c1-424b-9868-57a2d4851a1d" />
    <TestList name="All Loaded Results" id="19431567-8539-422a-85d7-44ee4e166bda" />
  </TestLists>
  <ResultSummary outcome="Failed">
    <Counters total="0" executed="0" passed="0" failed="0" error="0" timeout="0" aborted="0" inconclusive="0" passedButRunAborted="0" notRunnable="0" notExecuted="0" disconnected="0" warning="0" completed="0" inProgress="0" pending="0" />
    <RunInfos>
      <RunInfo computerName="CRKRL-SAIFFHAM1" outcome="Error" timestamp="2022-02-02T18:24:32.9098749+05:00">
        <Text>An exception occurred while invoking executor 'executor://mstestadapter/v2': Access to the path 'C:\Windows\System32\TestResults\Deploy_saiffham 2022-02-02 18_24_32' is denied. Access denied while trying to create "TestResults" folder in mentioned location. You are getting this exception because you are running vstest.console.exe from a folder which requires having write access. To solve the issue: please  run vstest.console.exe from a folder where you have write privileges.</Text>
      </RunInfo>
    </RunInfos>
  </ResultSummary>
</TestRun>